c:\users\apple\desktop\新建文件夹 (2)\csc8503\gametech\x64\debug\vc142.pdb
c:\users\apple\desktop\新建文件夹 (2)\csc8503\gametech\x64\debug\vc142.idb
c:\users\apple\desktop\新建文件夹 (2)\csc8503\gametech\x64\debug\tutorialgame.obj
c:\users\apple\desktop\新建文件夹 (2)\csc8503\gametech\x64\debug\main.obj
c:\users\apple\desktop\新建文件夹 (2)\csc8503\gametech\x64\debug\gametechrenderer.obj
c:\users\apple\desktop\新建文件夹 (2)\csc8503\gametech\x64\debug\stategameobject.obj
c:\users\apple\desktop\新建文件夹 (2) - 副本\csc8503\gametech\x64\debug\vc142.pdb
c:\users\apple\desktop\新建文件夹 (2) - 副本\csc8503\gametech\x64\debug\vc142.idb
c:\users\apple\desktop\新建文件夹 (2) - 副本\csc8503\gametech\x64\debug\tutorialgame.obj
c:\users\apple\desktop\新建文件夹 (2) - 副本\csc8503\gametech\x64\debug\stategameobject.obj
c:\users\apple\desktop\新建文件夹 (2) - 副本\csc8503\gametech\x64\debug\main.obj
c:\users\apple\desktop\新建文件夹 (2) - 副本\csc8503\gametech\x64\debug\gametechrenderer.obj
c:\users\apple\desktop\新建文件夹 (2)\x64\debug\gametech.exe
c:\users\apple\desktop\新建文件夹 (2)\x64\debug\gametech.ilk
c:\users\apple\desktop\新建文件夹 (2)\x64\debug\gametech.pdb
c:\users\apple\desktop\新建文件夹 (2) - 副本\x64\debug\gametech.exe
c:\users\apple\desktop\新建文件夹 (2) - 副本\x64\debug\gametech.ilk
c:\users\apple\desktop\新建文件夹 (2) - 副本\x64\debug\gametech.pdb
c:\users\apple\desktop\新建文件夹 (2) - 副本\csc8503\gametech\x64\debug\gametech.tlog\cl.command.1.tlog
c:\users\apple\desktop\新建文件夹 (2) - 副本\csc8503\gametech\x64\debug\gametech.tlog\cl.read.1.tlog
c:\users\apple\desktop\新建文件夹 (2) - 副本\csc8503\gametech\x64\debug\gametech.tlog\cl.write.1.tlog
c:\users\apple\desktop\新建文件夹 (2) - 副本\csc8503\gametech\x64\debug\gametech.tlog\link.command.1.tlog
c:\users\apple\desktop\新建文件夹 (2) - 副本\csc8503\gametech\x64\debug\gametech.tlog\link.read.1.tlog
c:\users\apple\desktop\新建文件夹 (2) - 副本\csc8503\gametech\x64\debug\gametech.tlog\link.write.1.tlog
